2017-05-28 02:09:51 INFO  XlsSheetsLoader:23 - Initializing data xlsx files for data provider.
2017-05-28 02:09:51 INFO  PropertiesLoader:23 - Loading properties from : /kappa/uiAutomation/src/main/resources/config.properties
2017-05-28 02:09:51 INFO  ParameterReader:45 - Initializing xlsx file path : /kappa/uiAutomation/src/test/resources/com/happiestmind/data/SmokeTests.xlsx
2017-05-28 02:09:52 INFO  ParameterReader:45 - Initializing xlsx file path : /kappa/uiAutomation/src/test/resources/com/happiestmind/data/RegressionTests.xlsx
2017-05-28 02:09:52 INFO  ParameterReader:45 - Initializing xlsx file path : /kappa/uiAutomation/src/test/resources/com/happiestmind/data/Suite.xlsx
2017-05-28 02:09:52 INFO  TestUtil:21 - Checking if suite : SmokeTests is available for execution.
2017-05-28 02:09:52 INFO  TestUtil:26 - Suite : SmokeTests is available for execution.
2017-05-28 02:09:52 INFO  TestUtil:50 - Checking if Test Case : GoogleSearchTest is available for execution.
2017-05-28 02:09:52 INFO  TestUtil:54 - Test Case : GoogleSearchTest is available for execution.
2017-05-28 02:09:52 INFO  AutomationDataProvider:25 - Providing data for: GoogleSearchTest
2017-05-28 02:09:52 INFO  GoogleSearchTest:71 -  Executing : GoogleSearchTest
2017-05-28 02:09:52 INFO  GoogleSearchTest:72 - Chrome -- http://google.com -- hello world
2017-05-28 02:09:52 INFO  BrowserFactory:32 - Initializing the WebDriver
2017-05-28 02:09:52 INFO  AutomationDriverLoader:27 - Loading chrome driver...
2017-05-28 02:09:52 INFO  AutomationDriverLoader:28 - OS | Mac OS X
2017-05-28 02:09:57 INFO  ErrorHandler:26 - *************getVerificationFailures******************
2017-05-28 02:09:58 INFO  GoogleSearchTest:71 -  Executing : GoogleSearchTest
2017-05-28 02:09:58 INFO  GoogleSearchTest:72 - Chrome -- http://google.com -- hello world
2017-05-28 02:09:58 INFO  BrowserFactory:32 - Initializing the WebDriver
2017-05-28 02:09:58 INFO  AutomationDriverLoader:27 - Loading chrome driver...
2017-05-28 02:09:58 INFO  AutomationDriverLoader:28 - OS | Mac OS X
2017-05-28 02:10:03 INFO  ErrorHandler:19 - *************addVerificationFailure******************
2017-05-28 02:10:03 INFO  ErrorHandler:26 - *************getVerificationFailures******************
2017-05-28 02:10:03 INFO  ErrorHandler:26 - *************getVerificationFailures******************
2017-05-28 02:10:03 ERROR TestListenerAdapter:30 - Test Failed, Setting Test Result to FAILED
2017-05-28 02:10:03 INFO  TestUtil:21 - Checking if suite : RegressionTests is available for execution.
2017-05-28 02:10:03 INFO  TestUtil:26 - Suite : RegressionTests is available for execution.
2017-05-28 02:10:03 INFO  TestUtil:50 - Checking if Test Case : RegressionSearchTest is available for execution.
2017-05-28 02:10:03 INFO  TestUtil:54 - Test Case : RegressionSearchTest is available for execution.
2017-05-28 02:10:03 INFO  AutomationDataProvider:25 - Providing data for: RegressionSearchTest
2017-05-28 02:10:03 INFO  RegressionSearchTest:71 -  Executing : RegressionSearchTest
2017-05-28 02:10:03 INFO  RegressionSearchTest:72 - Chrome -- http://google.com -- hello world
2017-05-28 02:10:03 INFO  BrowserFactory:32 - Initializing the WebDriver
2017-05-28 02:10:03 INFO  AutomationDriverLoader:27 - Loading chrome driver...
2017-05-28 02:10:03 INFO  AutomationDriverLoader:28 - OS | Mac OS X
2017-05-28 02:10:08 INFO  ErrorHandler:26 - *************getVerificationFailures******************
2017-05-28 02:10:08 INFO  RegressionSearchTest:71 -  Executing : RegressionSearchTest
2017-05-28 02:10:08 INFO  RegressionSearchTest:72 - Chrome -- http://google.com -- hello world
2017-05-28 02:10:08 INFO  BrowserFactory:32 - Initializing the WebDriver
2017-05-28 02:10:08 INFO  AutomationDriverLoader:27 - Loading chrome driver...
2017-05-28 02:10:08 INFO  AutomationDriverLoader:28 - OS | Mac OS X
2017-05-28 02:10:13 INFO  ErrorHandler:19 - *************addVerificationFailure******************
2017-05-28 02:10:13 INFO  ErrorHandler:26 - *************getVerificationFailures******************
2017-05-28 02:10:13 INFO  ErrorHandler:26 - *************getVerificationFailures******************
2017-05-28 02:10:13 ERROR TestListenerAdapter:30 - Test Failed, Setting Test Result to FAILED
2017-05-28 02:10:13 INFO  AbstractReportAdapter:19 - *****Abstract Report******
2017-05-28 02:10:13 INFO  AbstractReportAdapter:28 - Passed tests for suite ' Smoke Suite 1.0' is:1
2017-05-28 02:10:13 INFO  AbstractReportAdapter:30 - Failed tests for suite ' Smoke Suite 1.0' is:1
2017-05-28 02:10:13 INFO  AbstractReportAdapter:32 - Skipped tests for suite ' Smoke Suite 1.0' is:0
2017-05-28 02:10:13 INFO  AbstractReportAdapter:34 - *****End of Report******
2017-05-28 02:10:13 INFO  AbstractReportAdapter:28 - Passed tests for suite ' Regression 1.0' is:1
2017-05-28 02:10:13 INFO  AbstractReportAdapter:30 - Failed tests for suite ' Regression 1.0' is:1
2017-05-28 02:10:13 INFO  AbstractReportAdapter:32 - Skipped tests for suite ' Regression 1.0' is:0
2017-05-28 02:10:13 INFO  AbstractReportAdapter:34 - *****End of Report******
2017-05-28 22:54:50 INFO  XlsSheetsLoader:23 - Initializing data xlsx files for data provider.
2017-05-28 22:54:50 INFO  PropertiesLoader:23 - Loading properties from : /kappa/uiAutomation/src/main/resources/config.properties
2017-05-28 22:54:50 INFO  ParameterReader:45 - Initializing xlsx file path : /kappa/uiAutomation/src/test/resources/com/happiestmind/data/SmokeTests.xlsx
2017-05-28 22:54:51 INFO  ParameterReader:45 - Initializing xlsx file path : /kappa/uiAutomation/src/test/resources/com/happiestmind/data/RegressionTests.xlsx
2017-05-28 22:54:51 INFO  ParameterReader:45 - Initializing xlsx file path : /kappa/uiAutomation/src/test/resources/com/happiestmind/data/Suite.xlsx
2017-05-28 22:54:51 INFO  TestUtil:21 - Checking if suite : SmokeTests is available for execution.
2017-05-28 22:54:51 INFO  TestUtil:26 - Suite : SmokeTests is available for execution.
2017-05-28 22:54:51 INFO  TestUtil:50 - Checking if Test Case : GoogleSearchTest is available for execution.
2017-05-28 22:54:51 INFO  TestUtil:54 - Test Case : GoogleSearchTest is available for execution.
2017-05-28 22:54:51 INFO  AutomationDataProvider:25 - Providing data for: GoogleSearchTest
2017-05-28 22:54:51 INFO  GoogleSearchTest:71 -  Executing : GoogleSearchTest
2017-05-28 22:54:51 INFO  GoogleSearchTest:72 - Chrome -- http://google.com -- hello world
2017-05-28 22:54:51 INFO  BrowserFactory:32 - Initializing the WebDriver
2017-05-28 22:54:51 INFO  AutomationDriverLoader:27 - Loading chrome driver...
2017-05-28 22:54:51 INFO  AutomationDriverLoader:28 - OS | Mac OS X
2017-05-28 22:54:57 INFO  ErrorHandler:26 - *************getVerificationFailures******************
2017-05-28 22:54:59 INFO  GoogleSearchTest:71 -  Executing : GoogleSearchTest
2017-05-28 22:54:59 INFO  GoogleSearchTest:72 - Chrome -- http://google.com -- hello world
2017-05-28 22:54:59 INFO  BrowserFactory:32 - Initializing the WebDriver
2017-05-28 22:54:59 INFO  AutomationDriverLoader:27 - Loading chrome driver...
2017-05-28 22:54:59 INFO  AutomationDriverLoader:28 - OS | Mac OS X
2017-05-28 22:55:03 INFO  ErrorHandler:19 - *************addVerificationFailure******************
2017-05-28 22:55:03 INFO  ErrorHandler:26 - *************getVerificationFailures******************
2017-05-28 22:55:03 INFO  ErrorHandler:26 - *************getVerificationFailures******************
2017-05-28 22:55:03 ERROR TestListenerAdapter:30 - Test Failed, Setting Test Result to FAILED
2017-05-28 22:55:04 INFO  TestUtil:21 - Checking if suite : RegressionTests is available for execution.
2017-05-28 22:55:04 INFO  TestUtil:26 - Suite : RegressionTests is available for execution.
2017-05-28 22:55:04 INFO  TestUtil:50 - Checking if Test Case : RegressionSearchTest is available for execution.
2017-05-28 22:55:04 INFO  TestUtil:54 - Test Case : RegressionSearchTest is available for execution.
2017-05-28 22:55:04 INFO  AutomationDataProvider:25 - Providing data for: RegressionSearchTest
2017-05-28 22:55:04 INFO  RegressionSearchTest:71 -  Executing : RegressionSearchTest
2017-05-28 22:55:04 INFO  RegressionSearchTest:72 - Chrome -- http://google.com -- hello world
2017-05-28 22:55:04 INFO  BrowserFactory:32 - Initializing the WebDriver
2017-05-28 22:55:04 INFO  AutomationDriverLoader:27 - Loading chrome driver...
2017-05-28 22:55:04 INFO  AutomationDriverLoader:28 - OS | Mac OS X
2017-05-28 22:55:08 INFO  ErrorHandler:26 - *************getVerificationFailures******************
2017-05-28 22:55:08 INFO  RegressionSearchTest:71 -  Executing : RegressionSearchTest
2017-05-28 22:55:08 INFO  RegressionSearchTest:72 - Chrome -- http://google.com -- hello world
2017-05-28 22:55:08 INFO  BrowserFactory:32 - Initializing the WebDriver
2017-05-28 22:55:08 INFO  AutomationDriverLoader:27 - Loading chrome driver...
2017-05-28 22:55:08 INFO  AutomationDriverLoader:28 - OS | Mac OS X
2017-05-28 22:55:13 INFO  ErrorHandler:19 - *************addVerificationFailure******************
2017-05-28 22:55:13 INFO  ErrorHandler:26 - *************getVerificationFailures******************
2017-05-28 22:55:13 INFO  ErrorHandler:26 - *************getVerificationFailures******************
2017-05-28 22:55:13 ERROR TestListenerAdapter:30 - Test Failed, Setting Test Result to FAILED
2017-05-28 22:55:14 INFO  AbstractReportAdapter:19 - *****Abstract Report******
2017-05-28 22:55:14 INFO  AbstractReportAdapter:28 - Passed tests for suite ' Smoke Suite 1.0' is:1
2017-05-28 22:55:14 INFO  AbstractReportAdapter:30 - Failed tests for suite ' Smoke Suite 1.0' is:1
2017-05-28 22:55:14 INFO  AbstractReportAdapter:32 - Skipped tests for suite ' Smoke Suite 1.0' is:0
2017-05-28 22:55:14 INFO  AbstractReportAdapter:34 - *****End of Report******
2017-05-28 22:55:14 INFO  AbstractReportAdapter:28 - Passed tests for suite ' Regression 1.0' is:1
2017-05-28 22:55:14 INFO  AbstractReportAdapter:30 - Failed tests for suite ' Regression 1.0' is:1
2017-05-28 22:55:14 INFO  AbstractReportAdapter:32 - Skipped tests for suite ' Regression 1.0' is:0
2017-05-28 22:55:14 INFO  AbstractReportAdapter:34 - *****End of Report******
2017-06-03 21:13:50 INFO  XlsSheetsLoader:23 - Initializing data xlsx files for data provider.
2017-06-03 21:13:50 INFO  PropertiesLoader:23 - Loading properties from : /kappa/uiAutomation/src/main/resources/config.properties
2017-06-03 21:13:50 INFO  ParameterReader:45 - Initializing xlsx file path : /kappa/uiAutomation/src/test/resources/com/happiestmind/data/SmokeTests.xlsx
2017-06-03 21:13:50 INFO  ParameterReader:45 - Initializing xlsx file path : /kappa/uiAutomation/src/test/resources/com/happiestmind/data/RegressionTests.xlsx
2017-06-03 21:13:50 INFO  ParameterReader:45 - Initializing xlsx file path : /kappa/uiAutomation/src/test/resources/com/happiestmind/data/Suite.xlsx
2017-06-03 21:13:50 INFO  TestUtil:21 - Checking if suite : SmokeTests is available for execution.
2017-06-03 21:13:50 INFO  TestUtil:26 - Suite : SmokeTests is available for execution.
2017-06-03 21:13:51 INFO  TestUtil:50 - Checking if Test Case : GoogleSearch1Test is available for execution.
2017-06-03 21:13:51 INFO  TestUtil:54 - Test Case : GoogleSearch1Test is available for execution.
2017-06-03 21:13:51 INFO  TestUtil:50 - Checking if Test Case : GoogleSearchTest is available for execution.
2017-06-03 21:13:51 INFO  TestUtil:54 - Test Case : GoogleSearchTest is available for execution.
2017-06-03 21:13:51 INFO  AutomationDataProvider:25 - Providing data for: GoogleSearchTest
2017-06-03 21:13:51 INFO  GoogleSearchTest:71 -  Executing : GoogleSearchTest
2017-06-03 21:13:51 INFO  GoogleSearchTest:72 - Chrome -- http://google.com -- hello world
2017-06-03 21:13:51 INFO  BrowserFactory:32 - Initializing the WebDriver
2017-06-03 21:13:51 INFO  AutomationDriverLoader:27 - Loading chrome driver...
2017-06-03 21:13:51 INFO  AutomationDriverLoader:28 - OS | Mac OS X
2017-06-03 21:13:57 INFO  ErrorHandler:26 - *************getVerificationFailures******************
2017-06-03 21:13:58 INFO  GoogleSearchTest:71 -  Executing : GoogleSearchTest
2017-06-03 21:13:58 INFO  GoogleSearchTest:72 - Chrome -- http://google.com -- hello world
2017-06-03 21:13:58 INFO  BrowserFactory:32 - Initializing the WebDriver
2017-06-03 21:13:58 INFO  AutomationDriverLoader:27 - Loading chrome driver...
2017-06-03 21:13:58 INFO  AutomationDriverLoader:28 - OS | Mac OS X
2017-06-03 21:14:03 INFO  ErrorHandler:19 - *************addVerificationFailure******************
2017-06-03 21:14:03 INFO  ErrorHandler:26 - *************getVerificationFailures******************
2017-06-03 21:14:03 INFO  ErrorHandler:26 - *************getVerificationFailures******************
2017-06-03 21:14:03 ERROR TestListenerAdapter:30 - Test Failed, Setting Test Result to FAILED
2017-06-03 21:14:03 INFO  AutomationDataProvider:25 - Providing data for: GoogleSearch1Test
2017-06-03 21:14:03 INFO  ErrorHandler:26 - *************getVerificationFailures******************
2017-06-03 21:14:03 INFO  TestUtil:21 - Checking if suite : RegressionTests is available for execution.
2017-06-03 21:14:03 INFO  TestUtil:26 - Suite : RegressionTests is available for execution.
2017-06-03 21:14:03 INFO  TestUtil:50 - Checking if Test Case : RegressionSearchTest is available for execution.
2017-06-03 21:14:03 INFO  TestUtil:54 - Test Case : RegressionSearchTest is available for execution.
2017-06-03 21:14:03 INFO  AutomationDataProvider:25 - Providing data for: RegressionSearchTest
2017-06-03 21:14:03 INFO  RegressionSearchTest:71 -  Executing : RegressionSearchTest
2017-06-03 21:14:03 INFO  RegressionSearchTest:72 - Chrome -- http://google.com -- hello world
2017-06-03 21:14:03 INFO  BrowserFactory:32 - Initializing the WebDriver
2017-06-03 21:14:03 INFO  AutomationDriverLoader:27 - Loading chrome driver...
2017-06-03 21:14:03 INFO  AutomationDriverLoader:28 - OS | Mac OS X
2017-06-03 21:14:07 INFO  ErrorHandler:26 - *************getVerificationFailures******************
2017-06-03 21:14:07 INFO  RegressionSearchTest:71 -  Executing : RegressionSearchTest
2017-06-03 21:14:07 INFO  RegressionSearchTest:72 - Chrome -- http://google.com -- hello world
2017-06-03 21:14:07 INFO  BrowserFactory:32 - Initializing the WebDriver
2017-06-03 21:14:07 INFO  AutomationDriverLoader:27 - Loading chrome driver...
2017-06-03 21:14:07 INFO  AutomationDriverLoader:28 - OS | Mac OS X
2017-06-03 21:14:12 INFO  ErrorHandler:19 - *************addVerificationFailure******************
2017-06-03 21:14:12 INFO  ErrorHandler:26 - *************getVerificationFailures******************
2017-06-03 21:14:13 INFO  ErrorHandler:26 - *************getVerificationFailures******************
2017-06-03 21:14:13 ERROR TestListenerAdapter:30 - Test Failed, Setting Test Result to FAILED
2017-06-03 21:14:13 INFO  AbstractReportAdapter:19 - *****Abstract Report******
2017-06-03 21:14:13 INFO  AbstractReportAdapter:28 - Passed tests for suite ' Smoke Suite 1.0' is:1
2017-06-03 21:14:13 INFO  AbstractReportAdapter:30 - Failed tests for suite ' Smoke Suite 1.0' is:2
2017-06-03 21:14:13 INFO  AbstractReportAdapter:32 - Skipped tests for suite ' Smoke Suite 1.0' is:1
2017-06-03 21:14:13 INFO  AbstractReportAdapter:34 - *****End of Report******
2017-06-03 21:14:13 INFO  AbstractReportAdapter:28 - Passed tests for suite ' Regression 1.0' is:1
2017-06-03 21:14:13 INFO  AbstractReportAdapter:30 - Failed tests for suite ' Regression 1.0' is:1
2017-06-03 21:14:13 INFO  AbstractReportAdapter:32 - Skipped tests for suite ' Regression 1.0' is:0
2017-06-03 21:14:13 INFO  AbstractReportAdapter:34 - *****End of Report******
2017-06-03 21:15:34 INFO  XlsSheetsLoader:23 - Initializing data xlsx files for data provider.
2017-06-03 21:15:34 INFO  PropertiesLoader:23 - Loading properties from : /kappa/uiAutomation/src/main/resources/config.properties
2017-06-03 21:15:34 INFO  ParameterReader:45 - Initializing xlsx file path : /kappa/uiAutomation/src/test/resources/com/happiestmind/data/SmokeTests.xlsx
2017-06-03 21:15:35 INFO  ParameterReader:45 - Initializing xlsx file path : /kappa/uiAutomation/src/test/resources/com/happiestmind/data/RegressionTests.xlsx
2017-06-03 21:15:35 INFO  ParameterReader:45 - Initializing xlsx file path : /kappa/uiAutomation/src/test/resources/com/happiestmind/data/Suite.xlsx
2017-06-03 21:15:35 INFO  TestUtil:21 - Checking if suite : RegressionTests is available for execution.
2017-06-03 21:15:35 INFO  TestUtil:26 - Suite : RegressionTests is available for execution.
2017-06-03 21:15:35 INFO  TestUtil:50 - Checking if Test Case : RegressionSearchTest is available for execution.
2017-06-03 21:15:35 INFO  TestUtil:54 - Test Case : RegressionSearchTest is available for execution.
2017-06-03 21:15:35 INFO  AutomationDataProvider:25 - Providing data for: RegressionSearchTest
2017-06-03 21:15:35 INFO  RegressionSearchTest:71 -  Executing : RegressionSearchTest
2017-06-03 21:15:35 INFO  RegressionSearchTest:72 - Chrome -- http://google.com -- hello world
2017-06-03 21:15:35 INFO  BrowserFactory:32 - Initializing the WebDriver
2017-06-03 21:15:35 INFO  AutomationDriverLoader:27 - Loading chrome driver...
2017-06-03 21:15:35 INFO  AutomationDriverLoader:28 - OS | Mac OS X
2017-06-03 21:15:39 INFO  ErrorHandler:26 - *************getVerificationFailures******************
2017-06-03 21:15:41 INFO  RegressionSearchTest:71 -  Executing : RegressionSearchTest
2017-06-03 21:15:41 INFO  RegressionSearchTest:72 - Chrome -- http://google.com -- hello world
2017-06-03 21:15:41 INFO  BrowserFactory:32 - Initializing the WebDriver
2017-06-03 21:15:41 INFO  AutomationDriverLoader:27 - Loading chrome driver...
2017-06-03 21:15:41 INFO  AutomationDriverLoader:28 - OS | Mac OS X
2017-06-03 21:15:46 INFO  ErrorHandler:19 - *************addVerificationFailure******************
2017-06-03 21:15:46 INFO  ErrorHandler:26 - *************getVerificationFailures******************
2017-06-03 21:15:46 INFO  ErrorHandler:26 - *************getVerificationFailures******************
2017-06-03 21:15:46 ERROR TestListenerAdapter:30 - Test Failed, Setting Test Result to FAILED
2017-06-03 21:15:46 INFO  AbstractReportAdapter:19 - *****Abstract Report******
2017-06-03 21:15:46 INFO  AbstractReportAdapter:28 - Passed tests for suite ' Regression 1.0' is:1
2017-06-03 21:15:46 INFO  AbstractReportAdapter:30 - Failed tests for suite ' Regression 1.0' is:1
2017-06-03 21:15:46 INFO  AbstractReportAdapter:32 - Skipped tests for suite ' Regression 1.0' is:0
2017-06-03 21:15:46 INFO  AbstractReportAdapter:34 - *****End of Report******
2017-06-03 21:16:47 INFO  XlsSheetsLoader:23 - Initializing data xlsx files for data provider.
2017-06-03 21:16:47 INFO  PropertiesLoader:23 - Loading properties from : /kappa/uiAutomation/src/main/resources/config.properties
2017-06-03 21:16:47 INFO  ParameterReader:45 - Initializing xlsx file path : /kappa/uiAutomation/src/test/resources/com/happiestmind/data/SmokeTests.xlsx
2017-06-03 21:16:48 INFO  ParameterReader:45 - Initializing xlsx file path : /kappa/uiAutomation/src/test/resources/com/happiestmind/data/RegressionTests.xlsx
2017-06-03 21:16:48 INFO  ParameterReader:45 - Initializing xlsx file path : /kappa/uiAutomation/src/test/resources/com/happiestmind/data/Suite.xlsx
2017-06-03 21:16:48 INFO  TestUtil:21 - Checking if suite : SmokeTests is available for execution.
2017-06-03 21:16:48 INFO  TestUtil:26 - Suite : SmokeTests is available for execution.
2017-06-03 21:16:48 INFO  TestUtil:50 - Checking if Test Case : GoogleSearch1Test is available for execution.
2017-06-03 21:16:48 INFO  TestUtil:54 - Test Case : GoogleSearch1Test is available for execution.
2017-06-03 21:16:48 INFO  TestUtil:50 - Checking if Test Case : GoogleSearchTest is available for execution.
2017-06-03 21:16:48 INFO  TestUtil:54 - Test Case : GoogleSearchTest is available for execution.
2017-06-03 21:16:48 INFO  AutomationDataProvider:25 - Providing data for: GoogleSearchTest
2017-06-03 21:16:48 INFO  GoogleSearchTest:71 -  Executing : GoogleSearchTest
2017-06-03 21:16:48 INFO  GoogleSearchTest:72 - Chrome -- http://google.com -- hello world
2017-06-03 21:16:48 INFO  BrowserFactory:32 - Initializing the WebDriver
2017-06-03 21:16:48 INFO  AutomationDriverLoader:27 - Loading chrome driver...
2017-06-03 21:16:48 INFO  AutomationDriverLoader:28 - OS | Mac OS X
2017-06-03 21:16:52 INFO  ErrorHandler:26 - *************getVerificationFailures******************
2017-06-03 21:16:54 INFO  GoogleSearchTest:71 -  Executing : GoogleSearchTest
2017-06-03 21:16:54 INFO  GoogleSearchTest:72 - Chrome -- http://google.com -- hello world
2017-06-03 21:16:54 INFO  BrowserFactory:32 - Initializing the WebDriver
2017-06-03 21:16:54 INFO  AutomationDriverLoader:27 - Loading chrome driver...
2017-06-03 21:16:54 INFO  AutomationDriverLoader:28 - OS | Mac OS X
2017-06-03 21:16:58 INFO  ErrorHandler:19 - *************addVerificationFailure******************
2017-06-03 21:16:58 INFO  ErrorHandler:26 - *************getVerificationFailures******************
2017-06-03 21:16:58 INFO  ErrorHandler:26 - *************getVerificationFailures******************
2017-06-03 21:16:58 ERROR TestListenerAdapter:30 - Test Failed, Setting Test Result to FAILED
2017-06-03 21:16:58 INFO  AutomationDataProvider:25 - Providing data for: GoogleSearch1Test
2017-06-03 21:16:58 INFO  ErrorHandler:26 - *************getVerificationFailures******************
2017-06-03 21:16:58 INFO  AbstractReportAdapter:19 - *****Abstract Report******
2017-06-03 21:16:58 INFO  AbstractReportAdapter:28 - Passed tests for suite ' Smoke Suite 1.0' is:1
2017-06-03 21:16:58 INFO  AbstractReportAdapter:30 - Failed tests for suite ' Smoke Suite 1.0' is:2
2017-06-03 21:16:58 INFO  AbstractReportAdapter:32 - Skipped tests for suite ' Smoke Suite 1.0' is:1
2017-06-03 21:16:58 INFO  AbstractReportAdapter:34 - *****End of Report******
2017-06-03 21:18:51 INFO  XlsSheetsLoader:23 - Initializing data xlsx files for data provider.
2017-06-03 21:18:51 INFO  PropertiesLoader:23 - Loading properties from : /kappa/uiAutomation/src/main/resources/config.properties
2017-06-03 21:18:51 INFO  ParameterReader:45 - Initializing xlsx file path : /kappa/uiAutomation/src/test/resources/com/happiestmind/data/SmokeTests.xlsx
2017-06-03 21:18:51 INFO  ParameterReader:45 - Initializing xlsx file path : /kappa/uiAutomation/src/test/resources/com/happiestmind/data/RegressionTests.xlsx
2017-06-03 21:18:51 INFO  ParameterReader:45 - Initializing xlsx file path : /kappa/uiAutomation/src/test/resources/com/happiestmind/data/Suite.xlsx
2017-06-03 21:18:51 INFO  TestUtil:21 - Checking if suite : SmokeTests is available for execution.
2017-06-03 21:18:51 INFO  TestUtil:26 - Suite : SmokeTests is available for execution.
2017-06-03 21:18:51 INFO  TestUtil:50 - Checking if Test Case : GoogleSearch1Test is available for execution.
2017-06-03 21:18:51 INFO  TestUtil:54 - Test Case : GoogleSearch1Test is available for execution.
2017-06-03 21:18:51 INFO  TestUtil:50 - Checking if Test Case : GoogleSearchTest is available for execution.
2017-06-03 21:18:51 INFO  TestUtil:54 - Test Case : GoogleSearchTest is available for execution.
2017-06-03 21:18:51 INFO  AutomationDataProvider:25 - Providing data for: GoogleSearchTest
2017-06-03 21:18:51 INFO  GoogleSearchTest:71 -  Executing : GoogleSearchTest
2017-06-03 21:18:51 INFO  GoogleSearchTest:72 - Chrome -- http://google.com -- hello world
2017-06-03 21:18:51 INFO  BrowserFactory:32 - Initializing the WebDriver
2017-06-03 21:18:51 INFO  AutomationDriverLoader:27 - Loading chrome driver...
2017-06-03 21:18:51 INFO  AutomationDriverLoader:28 - OS | Mac OS X
2017-06-03 21:18:57 INFO  ErrorHandler:26 - *************getVerificationFailures******************
2017-06-03 21:18:58 INFO  GoogleSearchTest:71 -  Executing : GoogleSearchTest
2017-06-03 21:18:58 INFO  GoogleSearchTest:72 - Chrome -- http://google.com -- hello world
2017-06-03 21:18:58 INFO  BrowserFactory:32 - Initializing the WebDriver
2017-06-03 21:18:58 INFO  AutomationDriverLoader:27 - Loading chrome driver...
2017-06-03 21:18:58 INFO  AutomationDriverLoader:28 - OS | Mac OS X
2017-06-03 21:19:03 INFO  ErrorHandler:19 - *************addVerificationFailure******************
2017-06-03 21:19:03 INFO  ErrorHandler:26 - *************getVerificationFailures******************
2017-06-03 21:19:03 INFO  ErrorHandler:26 - *************getVerificationFailures******************
2017-06-03 21:19:03 ERROR TestListenerAdapter:30 - Test Failed, Setting Test Result to FAILED
2017-06-03 21:19:03 INFO  AutomationDataProvider:25 - Providing data for: GoogleSearch1Test
2017-06-03 21:19:03 INFO  ErrorHandler:26 - *************getVerificationFailures******************
2017-06-03 21:19:03 INFO  AbstractReportAdapter:19 - *****Abstract Report******
2017-06-03 21:19:03 INFO  AbstractReportAdapter:28 - Passed tests for suite ' Smoke Suite 1.0' is:1
2017-06-03 21:19:03 INFO  AbstractReportAdapter:30 - Failed tests for suite ' Smoke Suite 1.0' is:2
2017-06-03 21:19:03 INFO  AbstractReportAdapter:32 - Skipped tests for suite ' Smoke Suite 1.0' is:1
2017-06-03 21:19:03 INFO  AbstractReportAdapter:34 - *****End of Report******
2017-06-03 21:19:47 INFO  XlsSheetsLoader:23 - Initializing data xlsx files for data provider.
2017-06-03 21:19:47 INFO  PropertiesLoader:23 - Loading properties from : /kappa/uiAutomation/src/main/resources/config.properties
2017-06-03 21:19:47 INFO  ParameterReader:45 - Initializing xlsx file path : /kappa/uiAutomation/src/test/resources/com/happiestmind/data/SmokeTests.xlsx
2017-06-03 21:19:48 INFO  ParameterReader:45 - Initializing xlsx file path : /kappa/uiAutomation/src/test/resources/com/happiestmind/data/RegressionTests.xlsx
2017-06-03 21:19:48 INFO  ParameterReader:45 - Initializing xlsx file path : /kappa/uiAutomation/src/test/resources/com/happiestmind/data/Suite.xlsx
2017-06-03 21:19:48 INFO  TestUtil:21 - Checking if suite : SmokeTests is available for execution.
2017-06-03 21:19:48 INFO  TestUtil:26 - Suite : SmokeTests is available for execution.
2017-06-03 21:19:48 INFO  TestUtil:50 - Checking if Test Case : GoogleSearch1Test is available for execution.
2017-06-03 21:19:48 INFO  TestUtil:54 - Test Case : GoogleSearch1Test is available for execution.
2017-06-03 21:19:48 INFO  TestUtil:50 - Checking if Test Case : GoogleSearchTest is available for execution.
2017-06-03 21:19:48 INFO  TestUtil:54 - Test Case : GoogleSearchTest is available for execution.
2017-06-03 21:19:48 INFO  AutomationDataProvider:25 - Providing data for: GoogleSearchTest
2017-06-03 21:19:48 INFO  GoogleSearchTest:71 -  Executing : GoogleSearchTest
2017-06-03 21:19:48 INFO  GoogleSearchTest:72 - Chrome -- http://google.com -- hello world
2017-06-03 21:19:48 INFO  BrowserFactory:32 - Initializing the WebDriver
2017-06-03 21:19:48 INFO  AutomationDriverLoader:27 - Loading chrome driver...
2017-06-03 21:19:48 INFO  AutomationDriverLoader:28 - OS | Mac OS X
2017-06-03 21:21:25 INFO  XlsSheetsLoader:23 - Initializing data xlsx files for data provider.
2017-06-03 21:21:25 INFO  PropertiesLoader:23 - Loading properties from : /kappa/uiAutomation/src/main/resources/config.properties
2017-06-03 21:21:25 INFO  ParameterReader:45 - Initializing xlsx file path : /kappa/uiAutomation/src/test/resources/com/happiestmind/data/SmokeTests.xlsx
2017-06-03 21:21:26 INFO  ParameterReader:45 - Initializing xlsx file path : /kappa/uiAutomation/src/test/resources/com/happiestmind/data/RegressionTests.xlsx
2017-06-03 21:21:26 INFO  ParameterReader:45 - Initializing xlsx file path : /kappa/uiAutomation/src/test/resources/com/happiestmind/data/Suite.xlsx
2017-06-03 21:21:26 INFO  TestUtil:21 - Checking if suite : SmokeTests is available for execution.
2017-06-03 21:21:26 INFO  TestUtil:26 - Suite : SmokeTests is available for execution.
2017-06-03 21:21:26 INFO  TestUtil:50 - Checking if Test Case : GoogleSearch1Test is available for execution.
2017-06-03 21:21:26 INFO  TestUtil:54 - Test Case : GoogleSearch1Test is available for execution.
2017-06-03 21:21:26 INFO  TestUtil:50 - Checking if Test Case : GoogleSearchTest is available for execution.
2017-06-03 21:21:26 INFO  TestUtil:54 - Test Case : GoogleSearchTest is available for execution.
2017-06-03 21:21:26 INFO  AutomationDataProvider:25 - Providing data for: GoogleSearchTest
2017-06-03 21:21:49 INFO  GoogleSearchTest:71 -  Executing : GoogleSearchTest
2017-06-03 21:21:49 INFO  GoogleSearchTest:72 - Chrome -- http://google.com -- hello world
2017-06-03 21:21:49 INFO  BrowserFactory:32 - Initializing the WebDriver
2017-06-03 21:21:49 INFO  AutomationDriverLoader:27 - Loading chrome driver...
2017-06-03 21:21:49 INFO  AutomationDriverLoader:28 - OS | Mac OS X
2017-06-03 21:21:58 INFO  ErrorHandler:26 - *************getVerificationFailures******************
2017-06-03 21:22:09 INFO  GoogleSearchTest:71 -  Executing : GoogleSearchTest
2017-06-03 21:22:09 INFO  GoogleSearchTest:72 - Chrome -- http://google.com -- hello world
2017-06-03 21:22:09 INFO  BrowserFactory:32 - Initializing the WebDriver
2017-06-03 21:22:09 INFO  AutomationDriverLoader:27 - Loading chrome driver...
2017-06-03 21:22:09 INFO  AutomationDriverLoader:28 - OS | Mac OS X
2017-06-03 21:22:22 INFO  ErrorHandler:19 - *************addVerificationFailure******************
2017-06-03 21:22:22 INFO  ErrorHandler:26 - *************getVerificationFailures******************
2017-06-03 21:22:22 INFO  ErrorHandler:26 - *************getVerificationFailures******************
2017-06-03 21:22:22 ERROR TestListenerAdapter:30 - Test Failed, Setting Test Result to FAILED
2017-06-03 21:22:22 INFO  AutomationDataProvider:25 - Providing data for: GoogleSearch1Test
2017-06-03 21:23:09 INFO  ErrorHandler:26 - *************getVerificationFailures******************
2017-06-03 21:23:09 INFO  AbstractReportAdapter:19 - *****Abstract Report******
2017-06-03 21:23:09 INFO  AbstractReportAdapter:28 - Passed tests for suite ' Smoke Suite 1.0' is:1
2017-06-03 21:23:09 INFO  AbstractReportAdapter:30 - Failed tests for suite ' Smoke Suite 1.0' is:2
2017-06-03 21:23:09 INFO  AbstractReportAdapter:32 - Skipped tests for suite ' Smoke Suite 1.0' is:1
2017-06-03 21:23:09 INFO  AbstractReportAdapter:34 - *****End of Report******
2017-06-03 21:27:18 INFO  XlsSheetsLoader:23 - Initializing data xlsx files for data provider.
2017-06-03 21:27:18 INFO  PropertiesLoader:23 - Loading properties from : /kappa/uiAutomation/src/main/resources/config.properties
2017-06-03 21:27:18 INFO  ParameterReader:45 - Initializing xlsx file path : /kappa/uiAutomation/src/test/resources/com/happiestmind/data/SmokeTests.xlsx
2017-06-03 21:27:18 INFO  ParameterReader:45 - Initializing xlsx file path : /kappa/uiAutomation/src/test/resources/com/happiestmind/data/RegressionTests.xlsx
2017-06-03 21:27:18 INFO  ParameterReader:45 - Initializing xlsx file path : /kappa/uiAutomation/src/test/resources/com/happiestmind/data/Suite.xlsx
2017-06-03 21:27:18 INFO  TestUtil:21 - Checking if suite : SmokeTests is available for execution.
2017-06-03 21:27:18 INFO  TestUtil:26 - Suite : SmokeTests is available for execution.
2017-06-03 21:27:19 INFO  TestUtil:50 - Checking if Test Case : GoogleSearch1Test is available for execution.
2017-06-03 21:27:19 INFO  TestUtil:54 - Test Case : GoogleSearch1Test is available for execution.
2017-06-03 21:27:19 INFO  TestUtil:50 - Checking if Test Case : GoogleSearchTest is available for execution.
2017-06-03 21:27:19 INFO  TestUtil:54 - Test Case : GoogleSearchTest is available for execution.
2017-06-03 21:27:19 INFO  AutomationDataProvider:25 - Providing data for: GoogleSearchTest
2017-06-03 21:27:19 INFO  GoogleSearchTest:71 -  Executing : GoogleSearchTest
2017-06-03 21:27:19 INFO  GoogleSearchTest:72 - Chrome -- http://google.com -- hello world
2017-06-03 21:27:19 INFO  BrowserFactory:32 - Initializing the WebDriver
2017-06-03 21:27:19 INFO  AutomationDriverLoader:27 - Loading chrome driver...
2017-06-03 21:27:19 INFO  AutomationDriverLoader:28 - OS | Mac OS X
2017-06-03 21:27:23 INFO  ErrorHandler:26 - *************getVerificationFailures******************
2017-06-03 21:27:25 INFO  GoogleSearchTest:71 -  Executing : GoogleSearchTest
2017-06-03 21:27:25 INFO  GoogleSearchTest:72 - Chrome -- http://google.com -- hello world
2017-06-03 21:27:25 INFO  BrowserFactory:32 - Initializing the WebDriver
2017-06-03 21:27:25 INFO  AutomationDriverLoader:27 - Loading chrome driver...
2017-06-03 21:27:25 INFO  AutomationDriverLoader:28 - OS | Mac OS X
2017-06-03 21:27:32 INFO  ErrorHandler:19 - *************addVerificationFailure******************
2017-06-03 21:27:32 INFO  ErrorHandler:26 - *************getVerificationFailures******************
2017-06-03 21:27:32 INFO  ErrorHandler:26 - *************getVerificationFailures******************
2017-06-03 21:27:32 ERROR TestListenerAdapter:30 - Test Failed, Setting Test Result to FAILED
2017-06-03 21:27:32 INFO  AutomationDataProvider:25 - Providing data for: GoogleSearch1Test
2017-06-03 21:27:32 INFO  GoogleSearchTest:71 -  Executing : GoogleSearch1Test
2017-06-03 21:27:32 INFO  GoogleSearchTest:72 - Chrome -- http://google.com -- hello world
2017-06-03 21:27:32 INFO  BrowserFactory:32 - Initializing the WebDriver
2017-06-03 21:27:32 INFO  AutomationDriverLoader:27 - Loading chrome driver...
2017-06-03 21:27:32 INFO  AutomationDriverLoader:28 - OS | Mac OS X
2017-06-03 21:27:39 INFO  ErrorHandler:26 - *************getVerificationFailures******************
2017-06-03 21:27:39 INFO  GoogleSearchTest:71 -  Executing : GoogleSearch1Test
2017-06-03 21:27:39 INFO  GoogleSearchTest:72 - Chrome -- http://google.com -- hello world
2017-06-03 21:27:39 INFO  BrowserFactory:32 - Initializing the WebDriver
2017-06-03 21:27:39 INFO  AutomationDriverLoader:27 - Loading chrome driver...
2017-06-03 21:27:39 INFO  AutomationDriverLoader:28 - OS | Mac OS X
2017-06-03 21:27:44 INFO  ErrorHandler:19 - *************addVerificationFailure******************
2017-06-03 21:27:44 INFO  ErrorHandler:26 - *************getVerificationFailures******************
2017-06-03 21:27:44 INFO  ErrorHandler:26 - *************getVerificationFailures******************
2017-06-03 21:27:44 ERROR TestListenerAdapter:30 - Test Failed, Setting Test Result to FAILED
2017-06-03 21:27:44 INFO  AbstractReportAdapter:19 - *****Abstract Report******
2017-06-03 21:27:44 INFO  AbstractReportAdapter:28 - Passed tests for suite ' Smoke Suite 1.0' is:2
2017-06-03 21:27:44 INFO  AbstractReportAdapter:30 - Failed tests for suite ' Smoke Suite 1.0' is:2
2017-06-03 21:27:44 INFO  AbstractReportAdapter:32 - Skipped tests for suite ' Smoke Suite 1.0' is:0
2017-06-03 21:27:44 INFO  AbstractReportAdapter:34 - *****End of Report******
2017-06-03 21:34:11 INFO  XlsSheetsLoader:23 - Initializing data xlsx files for data provider.
2017-06-03 21:34:11 INFO  PropertiesLoader:23 - Loading properties from : /kappa/uiAutomation/src/main/resources/config.properties
2017-06-03 21:34:11 INFO  ParameterReader:45 - Initializing xlsx file path : /kappa/uiAutomation/src/test/resources/com/happiestmind/data/SmokeTests.xlsx
2017-06-03 21:34:11 INFO  ParameterReader:45 - Initializing xlsx file path : /kappa/uiAutomation/src/test/resources/com/happiestmind/data/RegressionTests.xlsx
2017-06-03 21:34:11 INFO  ParameterReader:45 - Initializing xlsx file path : /kappa/uiAutomation/src/test/resources/com/happiestmind/data/Suite.xlsx
2017-06-03 21:34:11 INFO  TestUtil:21 - Checking if suite : SmokeTests is available for execution.
2017-06-03 21:34:11 INFO  TestUtil:26 - Suite : SmokeTests is available for execution.
2017-06-03 21:34:11 INFO  TestUtil:50 - Checking if Test Case : GoogleSearch1Test is available for execution.
2017-06-03 21:34:11 INFO  TestUtil:54 - Test Case : GoogleSearch1Test is available for execution.
2017-06-03 21:34:11 INFO  TestUtil:50 - Checking if Test Case : GoogleSearchTest is available for execution.
2017-06-03 21:34:11 INFO  TestUtil:54 - Test Case : GoogleSearchTest is available for execution.
2017-06-03 21:34:11 INFO  AutomationDataProvider:25 - Providing data for: GoogleSearchTest
2017-06-03 21:34:11 INFO  GoogleSearchTest:71 -  Executing : GoogleSearchTest
2017-06-03 21:34:11 INFO  GoogleSearchTest:72 - Chrome -- http://google.com -- hello world
2017-06-03 21:34:11 INFO  BrowserFactory:32 - Initializing the WebDriver
2017-06-03 21:34:11 INFO  AutomationDriverLoader:27 - Loading chrome driver...
2017-06-03 21:34:11 INFO  AutomationDriverLoader:28 - OS | Mac OS X
2017-06-03 21:34:16 INFO  ErrorHandler:26 - *************getVerificationFailures******************
2017-06-03 21:34:18 INFO  GoogleSearchTest:71 -  Executing : GoogleSearchTest
2017-06-03 21:34:18 INFO  GoogleSearchTest:72 - Chrome -- http://google.com -- hello world
2017-06-03 21:34:18 INFO  BrowserFactory:32 - Initializing the WebDriver
2017-06-03 21:34:18 INFO  AutomationDriverLoader:27 - Loading chrome driver...
2017-06-03 21:34:18 INFO  AutomationDriverLoader:28 - OS | Mac OS X
2017-06-03 21:34:22 INFO  ErrorHandler:19 - *************addVerificationFailure******************
2017-06-03 21:34:22 INFO  ErrorHandler:26 - *************getVerificationFailures******************
2017-06-03 21:34:23 INFO  ErrorHandler:26 - *************getVerificationFailures******************
2017-06-03 21:34:23 ERROR TestListenerAdapter:30 - Test Failed, Setting Test Result to FAILED
2017-06-03 21:34:23 INFO  AutomationDataProvider:25 - Providing data for: GoogleSearch1Test
2017-06-03 21:34:23 INFO  GoogleSearchTest:71 -  Executing : GoogleSearch1Test
2017-06-03 21:34:23 INFO  GoogleSearchTest:72 - Chrome -- http://google.com -- hello world
2017-06-03 21:34:23 INFO  BrowserFactory:32 - Initializing the WebDriver
2017-06-03 21:34:23 INFO  AutomationDriverLoader:27 - Loading chrome driver...
2017-06-03 21:34:23 INFO  AutomationDriverLoader:28 - OS | Mac OS X
2017-06-03 21:34:27 INFO  ErrorHandler:26 - *************getVerificationFailures******************
2017-06-03 21:34:27 INFO  GoogleSearchTest:71 -  Executing : GoogleSearch1Test
2017-06-03 21:34:27 INFO  GoogleSearchTest:72 - Chrome -- http://google.com -- hello world
2017-06-03 21:34:27 INFO  BrowserFactory:32 - Initializing the WebDriver
2017-06-03 21:34:27 INFO  AutomationDriverLoader:27 - Loading chrome driver...
2017-06-03 21:34:27 INFO  AutomationDriverLoader:28 - OS | Mac OS X
2017-06-03 21:34:32 INFO  ErrorHandler:19 - *************addVerificationFailure******************
2017-06-03 21:34:32 INFO  ErrorHandler:26 - *************getVerificationFailures******************
2017-06-03 21:34:32 INFO  ErrorHandler:26 - *************getVerificationFailures******************
2017-06-03 21:34:32 ERROR TestListenerAdapter:30 - Test Failed, Setting Test Result to FAILED
2017-06-03 21:34:32 INFO  TestUtil:21 - Checking if suite : RegressionTests is available for execution.
2017-06-03 21:34:32 INFO  TestUtil:26 - Suite : RegressionTests is available for execution.
2017-06-03 21:34:32 INFO  TestUtil:50 - Checking if Test Case : RegressionSearchTest is available for execution.
2017-06-03 21:34:32 INFO  TestUtil:54 - Test Case : RegressionSearchTest is available for execution.
2017-06-03 21:34:32 INFO  AutomationDataProvider:25 - Providing data for: RegressionSearchTest
2017-06-03 21:34:32 INFO  RegressionSearchTest:71 -  Executing : RegressionSearchTest
2017-06-03 21:34:32 INFO  RegressionSearchTest:72 - Chrome -- http://google.com -- hello world
2017-06-03 21:34:32 INFO  BrowserFactory:32 - Initializing the WebDriver
2017-06-03 21:34:32 INFO  AutomationDriverLoader:27 - Loading chrome driver...
2017-06-03 21:34:32 INFO  AutomationDriverLoader:28 - OS | Mac OS X
2017-06-03 21:34:37 INFO  ErrorHandler:26 - *************getVerificationFailures******************
2017-06-03 21:34:37 INFO  RegressionSearchTest:71 -  Executing : RegressionSearchTest
2017-06-03 21:34:37 INFO  RegressionSearchTest:72 - Chrome -- http://google.com -- hello world
2017-06-03 21:34:37 INFO  BrowserFactory:32 - Initializing the WebDriver
2017-06-03 21:34:37 INFO  AutomationDriverLoader:27 - Loading chrome driver...
2017-06-03 21:34:37 INFO  AutomationDriverLoader:28 - OS | Mac OS X
2017-06-03 21:34:43 INFO  ErrorHandler:19 - *************addVerificationFailure******************
2017-06-03 21:34:43 INFO  ErrorHandler:26 - *************getVerificationFailures******************
2017-06-03 21:34:43 INFO  ErrorHandler:26 - *************getVerificationFailures******************
2017-06-03 21:34:43 ERROR TestListenerAdapter:30 - Test Failed, Setting Test Result to FAILED
2017-06-03 21:34:44 INFO  AbstractReportAdapter:19 - *****Abstract Report******
2017-06-03 21:34:44 INFO  AbstractReportAdapter:28 - Passed tests for suite ' Smoke Suite 1.0' is:2
2017-06-03 21:34:44 INFO  AbstractReportAdapter:30 - Failed tests for suite ' Smoke Suite 1.0' is:2
2017-06-03 21:34:44 INFO  AbstractReportAdapter:32 - Skipped tests for suite ' Smoke Suite 1.0' is:0
2017-06-03 21:34:44 INFO  AbstractReportAdapter:34 - *****End of Report******
2017-06-03 21:34:44 INFO  AbstractReportAdapter:28 - Passed tests for suite ' Regression 1.0' is:1
2017-06-03 21:34:44 INFO  AbstractReportAdapter:30 - Failed tests for suite ' Regression 1.0' is:1
2017-06-03 21:34:44 INFO  AbstractReportAdapter:32 - Skipped tests for suite ' Regression 1.0' is:0
2017-06-03 21:34:44 INFO  AbstractReportAdapter:34 - *****End of Report******
2017-06-03 21:41:29 INFO  XlsSheetsLoader:23 - Initializing data xlsx files for data provider.
2017-06-03 21:41:29 INFO  PropertiesLoader:23 - Loading properties from : /kappa/uiAutomation/src/main/resources/config.properties
2017-06-03 21:41:29 INFO  ParameterReader:45 - Initializing xlsx file path : /kappa/uiAutomation/src/test/resources/com/happiestmind/data/SmokeTests.xlsx
2017-06-03 21:41:29 INFO  ParameterReader:45 - Initializing xlsx file path : /kappa/uiAutomation/src/test/resources/com/happiestmind/data/RegressionTests.xlsx
2017-06-03 21:41:29 INFO  ParameterReader:45 - Initializing xlsx file path : /kappa/uiAutomation/src/test/resources/com/happiestmind/data/Suite.xlsx
2017-06-03 21:41:29 INFO  TestUtil:21 - Checking if suite : SmokeTests is available for execution.
2017-06-03 21:41:29 INFO  TestUtil:26 - Suite : SmokeTests is available for execution.
2017-06-03 21:41:30 INFO  TestUtil:50 - Checking if Test Case : GoogleSearch1Test is available for execution.
2017-06-03 21:41:30 INFO  TestUtil:54 - Test Case : GoogleSearch1Test is available for execution.
2017-06-03 21:41:30 INFO  TestUtil:50 - Checking if Test Case : GoogleSearchTest is available for execution.
2017-06-03 21:41:30 INFO  TestUtil:54 - Test Case : GoogleSearchTest is available for execution.
2017-06-03 21:41:30 INFO  AutomationDataProvider:25 - Providing data for: GoogleSearchTest
2017-06-03 21:41:30 INFO  GoogleSearchTest:71 -  Executing : GoogleSearchTest
2017-06-03 21:41:30 INFO  GoogleSearchTest:72 - Chrome -- http://google.com -- hello world
2017-06-03 21:41:30 INFO  BrowserFactory:32 - Initializing the WebDriver
2017-06-03 21:41:30 INFO  AutomationDriverLoader:27 - Loading chrome driver...
2017-06-03 21:41:30 INFO  AutomationDriverLoader:28 - OS | Mac OS X
2017-06-03 21:41:35 INFO  ErrorHandler:26 - *************getVerificationFailures******************
2017-06-03 21:41:37 INFO  GoogleSearchTest:71 -  Executing : GoogleSearchTest
2017-06-03 21:41:37 INFO  GoogleSearchTest:72 - Chrome -- http://google.com -- hello world
2017-06-03 21:41:37 INFO  BrowserFactory:32 - Initializing the WebDriver
2017-06-03 21:41:37 INFO  AutomationDriverLoader:27 - Loading chrome driver...
2017-06-03 21:41:37 INFO  AutomationDriverLoader:28 - OS | Mac OS X
2017-06-03 21:41:42 INFO  ErrorHandler:19 - *************addVerificationFailure******************
2017-06-03 21:41:42 INFO  ErrorHandler:26 - *************getVerificationFailures******************
2017-06-03 21:41:42 INFO  ErrorHandler:26 - *************getVerificationFailures******************
2017-06-03 21:41:42 ERROR TestListenerAdapter:30 - Test Failed, Setting Test Result to FAILED
2017-06-03 21:41:42 INFO  AutomationDataProvider:25 - Providing data for: GoogleSearch1Test
2017-06-03 21:41:42 INFO  GoogleSearchTest:71 -  Executing : GoogleSearch1Test
2017-06-03 21:41:42 INFO  GoogleSearchTest:72 - Chrome -- http://google.com -- hello world
2017-06-03 21:41:42 INFO  BrowserFactory:32 - Initializing the WebDriver
2017-06-03 21:41:42 INFO  AutomationDriverLoader:27 - Loading chrome driver...
2017-06-03 21:41:42 INFO  AutomationDriverLoader:28 - OS | Mac OS X
2017-06-03 21:41:46 INFO  ErrorHandler:26 - *************getVerificationFailures******************
2017-06-03 21:41:46 INFO  GoogleSearchTest:71 -  Executing : GoogleSearch1Test
2017-06-03 21:41:46 INFO  GoogleSearchTest:72 - Chrome -- http://google.com -- hello world
2017-06-03 21:41:46 INFO  BrowserFactory:32 - Initializing the WebDriver
2017-06-03 21:41:46 INFO  AutomationDriverLoader:27 - Loading chrome driver...
2017-06-03 21:41:46 INFO  AutomationDriverLoader:28 - OS | Mac OS X
2017-06-03 21:41:52 INFO  ErrorHandler:19 - *************addVerificationFailure******************
2017-06-03 21:41:52 INFO  ErrorHandler:26 - *************getVerificationFailures******************
2017-06-03 21:41:52 INFO  ErrorHandler:26 - *************getVerificationFailures******************
2017-06-03 21:41:52 ERROR TestListenerAdapter:30 - Test Failed, Setting Test Result to FAILED
2017-06-03 21:41:52 INFO  TestUtil:21 - Checking if suite : RegressionTests is available for execution.
2017-06-03 21:41:52 INFO  TestUtil:26 - Suite : RegressionTests is available for execution.
2017-06-03 21:41:52 INFO  TestUtil:50 - Checking if Test Case : RegressionSearchTest is available for execution.
2017-06-03 21:41:52 INFO  TestUtil:54 - Test Case : RegressionSearchTest is available for execution.
2017-06-03 21:41:52 INFO  AutomationDataProvider:25 - Providing data for: RegressionSearchTest
2017-06-03 21:41:52 INFO  RegressionSearchTest:71 -  Executing : RegressionSearchTest
2017-06-03 21:41:52 INFO  RegressionSearchTest:72 - Chrome -- http://google.com -- hello world
2017-06-03 21:41:52 INFO  BrowserFactory:32 - Initializing the WebDriver
2017-06-03 21:41:52 INFO  AutomationDriverLoader:27 - Loading chrome driver...
2017-06-03 21:41:52 INFO  AutomationDriverLoader:28 - OS | Mac OS X
2017-06-03 21:41:57 INFO  ErrorHandler:19 - *************addVerificationFailure******************
2017-06-03 21:41:57 INFO  ErrorHandler:26 - *************getVerificationFailures******************
2017-06-03 21:41:57 INFO  ErrorHandler:26 - *************getVerificationFailures******************
2017-06-03 21:41:57 ERROR TestListenerAdapter:30 - Test Failed, Setting Test Result to FAILED
2017-06-03 21:41:57 INFO  RegressionSearchTest:71 -  Executing : RegressionSearchTest
2017-06-03 21:41:57 INFO  RegressionSearchTest:72 - Chrome -- http://google.com -- hello world
2017-06-03 21:41:57 INFO  BrowserFactory:32 - Initializing the WebDriver
2017-06-03 21:41:57 INFO  AutomationDriverLoader:27 - Loading chrome driver...
2017-06-03 21:41:57 INFO  AutomationDriverLoader:28 - OS | Mac OS X
2017-06-03 21:42:02 INFO  ErrorHandler:19 - *************addVerificationFailure******************
2017-06-03 21:42:02 INFO  ErrorHandler:26 - *************getVerificationFailures******************
2017-06-03 21:42:02 INFO  ErrorHandler:26 - *************getVerificationFailures******************
2017-06-03 21:42:02 ERROR TestListenerAdapter:30 - Test Failed, Setting Test Result to FAILED
2017-06-03 21:42:03 INFO  AbstractReportAdapter:19 - *****Abstract Report******
2017-06-03 21:42:03 INFO  AbstractReportAdapter:28 - Passed tests for suite ' Smoke Suite 1.0' is:2
2017-06-03 21:42:03 INFO  AbstractReportAdapter:30 - Failed tests for suite ' Smoke Suite 1.0' is:2
2017-06-03 21:42:03 INFO  AbstractReportAdapter:32 - Skipped tests for suite ' Smoke Suite 1.0' is:0
2017-06-03 21:42:03 INFO  AbstractReportAdapter:34 - *****End of Report******
2017-06-03 21:42:03 INFO  AbstractReportAdapter:28 - Passed tests for suite ' Regression 1.0' is:0
2017-06-03 21:42:03 INFO  AbstractReportAdapter:30 - Failed tests for suite ' Regression 1.0' is:2
2017-06-03 21:42:03 INFO  AbstractReportAdapter:32 - Skipped tests for suite ' Regression 1.0' is:0
2017-06-03 21:42:03 INFO  AbstractReportAdapter:34 - *****End of Report******
2017-06-03 21:51:46 INFO  XlsSheetsLoader:23 - Initializing data xlsx files for data provider.
2017-06-03 21:51:46 INFO  PropertiesLoader:23 - Loading properties from : /kappa/uiAutomation/src/main/resources/config.properties
2017-06-03 21:51:46 INFO  ParameterReader:45 - Initializing xlsx file path : /kappa/uiAutomation/src/test/resources/com/happiestmind/data/SmokeTests.xlsx
2017-06-03 21:51:46 INFO  ParameterReader:45 - Initializing xlsx file path : /kappa/uiAutomation/src/test/resources/com/happiestmind/data/RegressionTests.xlsx
2017-06-03 21:51:46 INFO  ParameterReader:45 - Initializing xlsx file path : /kappa/uiAutomation/src/test/resources/com/happiestmind/data/Suite.xlsx
2017-06-03 21:51:46 INFO  TestUtil:21 - Checking if suite : SmokeTests is available for execution.
2017-06-03 21:51:46 INFO  TestUtil:26 - Suite : SmokeTests is available for execution.
2017-06-03 21:51:47 INFO  TestUtil:50 - Checking if Test Case : GoogleSearch1Test is available for execution.
2017-06-03 21:51:47 INFO  TestUtil:54 - Test Case : GoogleSearch1Test is available for execution.
2017-06-03 21:51:47 INFO  TestUtil:50 - Checking if Test Case : GoogleSearchTest is available for execution.
2017-06-03 21:51:47 INFO  TestUtil:54 - Test Case : GoogleSearchTest is available for execution.
2017-06-03 21:51:47 INFO  AutomationDataProvider:25 - Providing data for: GoogleSearchTest
2017-06-03 21:51:47 INFO  GoogleSearchTest:71 -  Executing : GoogleSearchTest
2017-06-03 21:51:47 INFO  GoogleSearchTest:72 - Chrome -- http://google.com -- hello world
2017-06-03 21:51:47 INFO  BrowserFactory:32 - Initializing the WebDriver
2017-06-03 21:51:47 INFO  AutomationDriverLoader:27 - Loading chrome driver...
2017-06-03 21:51:47 INFO  AutomationDriverLoader:28 - OS | Mac OS X
2017-06-03 21:51:52 INFO  ErrorHandler:26 - *************getVerificationFailures******************
2017-06-03 21:51:54 INFO  GoogleSearchTest:71 -  Executing : GoogleSearchTest
2017-06-03 21:51:54 INFO  GoogleSearchTest:72 - Chrome -- http://google.com -- hello world
2017-06-03 21:51:54 INFO  BrowserFactory:32 - Initializing the WebDriver
2017-06-03 21:51:54 INFO  AutomationDriverLoader:27 - Loading chrome driver...
2017-06-03 21:51:54 INFO  AutomationDriverLoader:28 - OS | Mac OS X
2017-06-03 21:52:00 INFO  ErrorHandler:19 - *************addVerificationFailure******************
2017-06-03 21:52:00 INFO  ErrorHandler:26 - *************getVerificationFailures******************
2017-06-03 21:52:00 INFO  ErrorHandler:26 - *************getVerificationFailures******************
2017-06-03 21:52:00 ERROR TestListenerAdapter:30 - Test Failed, Setting Test Result to FAILED
2017-06-03 21:52:00 INFO  AutomationDataProvider:25 - Providing data for: GoogleSearch1Test
2017-06-03 21:52:00 INFO  GoogleSearchTest:71 -  Executing : GoogleSearch1Test
2017-06-03 21:52:00 INFO  GoogleSearchTest:72 - Chrome -- http://google.com -- hello world
2017-06-03 21:52:00 INFO  BrowserFactory:32 - Initializing the WebDriver
2017-06-03 21:52:00 INFO  AutomationDriverLoader:27 - Loading chrome driver...
2017-06-03 21:52:00 INFO  AutomationDriverLoader:28 - OS | Mac OS X
2017-06-03 21:52:04 INFO  ErrorHandler:26 - *************getVerificationFailures******************
2017-06-03 21:52:04 INFO  GoogleSearchTest:71 -  Executing : GoogleSearch1Test
2017-06-03 21:52:04 INFO  GoogleSearchTest:72 - Chrome -- http://google.com -- hello world
2017-06-03 21:52:04 INFO  BrowserFactory:32 - Initializing the WebDriver
2017-06-03 21:52:04 INFO  AutomationDriverLoader:27 - Loading chrome driver...
2017-06-03 21:52:04 INFO  AutomationDriverLoader:28 - OS | Mac OS X
2017-06-03 21:52:09 INFO  ErrorHandler:19 - *************addVerificationFailure******************
2017-06-03 21:52:09 INFO  ErrorHandler:26 - *************getVerificationFailures******************
2017-06-03 21:52:09 INFO  ErrorHandler:26 - *************getVerificationFailures******************
2017-06-03 21:52:09 ERROR TestListenerAdapter:30 - Test Failed, Setting Test Result to FAILED
2017-06-03 21:52:10 INFO  TestUtil:21 - Checking if suite : RegressionTests is available for execution.
2017-06-03 21:52:10 INFO  TestUtil:26 - Suite : RegressionTests is available for execution.
2017-06-03 21:52:10 INFO  TestUtil:50 - Checking if Test Case : RegressionSearchTest is available for execution.
2017-06-03 21:52:10 INFO  TestUtil:54 - Test Case : RegressionSearchTest is available for execution.
2017-06-03 21:52:10 INFO  AutomationDataProvider:25 - Providing data for: RegressionSearchTest
2017-06-03 21:52:10 INFO  RegressionSearchTest:71 -  Executing : RegressionSearchTest
2017-06-03 21:52:10 INFO  RegressionSearchTest:72 - Chrome -- http://google.com -- hello world
2017-06-03 21:52:10 INFO  BrowserFactory:32 - Initializing the WebDriver
2017-06-03 21:52:10 INFO  AutomationDriverLoader:27 - Loading chrome driver...
2017-06-03 21:52:10 INFO  AutomationDriverLoader:28 - OS | Mac OS X
2017-06-03 21:52:19 INFO  ErrorHandler:26 - *************getVerificationFailures******************
2017-06-03 21:52:19 INFO  RegressionSearchTest:71 -  Executing : RegressionSearchTest
2017-06-03 21:52:19 INFO  RegressionSearchTest:72 - Chrome -- http://google.com -- hello world
2017-06-03 21:52:19 INFO  BrowserFactory:32 - Initializing the WebDriver
2017-06-03 21:52:19 INFO  AutomationDriverLoader:27 - Loading chrome driver...
2017-06-03 21:52:19 INFO  AutomationDriverLoader:28 - OS | Mac OS X
2017-06-03 21:52:28 INFO  ErrorHandler:19 - *************addVerificationFailure******************
2017-06-03 21:52:28 INFO  ErrorHandler:26 - *************getVerificationFailures******************
2017-06-03 21:52:28 INFO  ErrorHandler:26 - *************getVerificationFailures******************
2017-06-03 21:52:28 ERROR TestListenerAdapter:30 - Test Failed, Setting Test Result to FAILED
2017-06-03 21:52:28 INFO  AbstractReportAdapter:19 - *****Abstract Report******
2017-06-03 21:52:28 INFO  AbstractReportAdapter:28 - Passed tests for suite ' Smoke Suite 1.0' is:2
2017-06-03 21:52:28 INFO  AbstractReportAdapter:30 - Failed tests for suite ' Smoke Suite 1.0' is:2
2017-06-03 21:52:28 INFO  AbstractReportAdapter:32 - Skipped tests for suite ' Smoke Suite 1.0' is:0
2017-06-03 21:52:28 INFO  AbstractReportAdapter:34 - *****End of Report******
2017-06-03 21:52:28 INFO  AbstractReportAdapter:28 - Passed tests for suite ' Regression 1.0' is:1
2017-06-03 21:52:28 INFO  AbstractReportAdapter:30 - Failed tests for suite ' Regression 1.0' is:1
2017-06-03 21:52:28 INFO  AbstractReportAdapter:32 - Skipped tests for suite ' Regression 1.0' is:0
2017-06-03 21:52:28 INFO  AbstractReportAdapter:34 - *****End of Report******
2017-06-04 00:39:06 INFO  XlsSheetsLoader:23 - Initializing data xlsx files for data provider.
2017-06-04 00:39:06 INFO  PropertiesLoader:23 - Loading properties from : /kappa/uiAutomation/src/main/resources/config.properties
2017-06-04 00:39:06 INFO  ParameterReader:45 - Initializing xlsx file path : /kappa/uiAutomation/src/test/resources/com/happiestmind/data/SmokeTests.xlsx
2017-06-04 00:39:07 INFO  ParameterReader:45 - Initializing xlsx file path : /kappa/uiAutomation/src/test/resources/com/happiestmind/data/RegressionTests.xlsx
2017-06-04 00:39:07 INFO  ParameterReader:45 - Initializing xlsx file path : /kappa/uiAutomation/src/test/resources/com/happiestmind/data/Suite.xlsx
2017-06-04 00:39:07 INFO  TestUtil:21 - Checking if suite : SmokeTests is available for execution.
2017-06-04 00:39:07 INFO  TestUtil:26 - Suite : SmokeTests is available for execution.
2017-06-04 00:39:07 INFO  TestUtil:50 - Checking if Test Case : GoogleSearch1Test is available for execution.
2017-06-04 00:39:07 INFO  TestUtil:54 - Test Case : GoogleSearch1Test is available for execution.
2017-06-04 00:39:07 INFO  TestUtil:50 - Checking if Test Case : GoogleSearchTest is available for execution.
2017-06-04 00:39:07 INFO  TestUtil:54 - Test Case : GoogleSearchTest is available for execution.
2017-06-04 00:39:07 INFO  AutomationDataProvider:25 - Providing data for: GoogleSearchTest
2017-06-04 00:39:07 INFO  GoogleSearchTest:71 -  Executing : GoogleSearchTest
2017-06-04 00:39:07 INFO  GoogleSearchTest:72 - Chrome -- http://google.com -- hello world
2017-06-04 00:39:07 INFO  BrowserFactory:32 - Initializing the WebDriver
2017-06-04 00:39:07 INFO  AutomationDriverLoader:27 - Loading chrome driver...
2017-06-04 00:39:07 INFO  AutomationDriverLoader:28 - OS | Mac OS X
2017-06-04 00:39:14 INFO  ErrorHandler:26 - *************getVerificationFailures******************
2017-06-04 00:39:16 INFO  GoogleSearchTest:71 -  Executing : GoogleSearchTest
2017-06-04 00:39:16 INFO  GoogleSearchTest:72 - Chrome -- http://google.com -- hello world
2017-06-04 00:39:16 INFO  BrowserFactory:32 - Initializing the WebDriver
2017-06-04 00:39:16 INFO  AutomationDriverLoader:27 - Loading chrome driver...
2017-06-04 00:39:16 INFO  AutomationDriverLoader:28 - OS | Mac OS X
2017-06-04 00:39:22 INFO  ErrorHandler:19 - *************addVerificationFailure******************
2017-06-04 00:39:22 INFO  ErrorHandler:26 - *************getVerificationFailures******************
2017-06-04 00:39:22 INFO  ErrorHandler:26 - *************getVerificationFailures******************
2017-06-04 00:39:22 ERROR TestListenerAdapter:30 - Test Failed, Setting Test Result to FAILED
2017-06-04 00:39:22 INFO  AutomationDataProvider:25 - Providing data for: GoogleSearch1Test
2017-06-04 00:39:22 INFO  GoogleSearchTest:71 -  Executing : GoogleSearch1Test
2017-06-04 00:39:22 INFO  GoogleSearchTest:72 - Chrome -- http://google.com -- hello world
2017-06-04 00:39:22 INFO  BrowserFactory:32 - Initializing the WebDriver
2017-06-04 00:39:22 INFO  AutomationDriverLoader:27 - Loading chrome driver...
2017-06-04 00:39:22 INFO  AutomationDriverLoader:28 - OS | Mac OS X
2017-06-04 00:39:29 INFO  ErrorHandler:26 - *************getVerificationFailures******************
2017-06-04 00:39:29 INFO  GoogleSearchTest:71 -  Executing : GoogleSearch1Test
2017-06-04 00:39:29 INFO  GoogleSearchTest:72 - Chrome -- http://google.com -- hello world
2017-06-04 00:39:29 INFO  BrowserFactory:32 - Initializing the WebDriver
2017-06-04 00:39:29 INFO  AutomationDriverLoader:27 - Loading chrome driver...
2017-06-04 00:39:29 INFO  AutomationDriverLoader:28 - OS | Mac OS X
2017-06-04 00:39:35 INFO  ErrorHandler:19 - *************addVerificationFailure******************
2017-06-04 00:39:35 INFO  ErrorHandler:26 - *************getVerificationFailures******************
2017-06-04 00:39:35 INFO  ErrorHandler:26 - *************getVerificationFailures******************
2017-06-04 00:39:35 ERROR TestListenerAdapter:30 - Test Failed, Setting Test Result to FAILED
2017-06-04 00:39:36 INFO  TestUtil:21 - Checking if suite : RegressionTests is available for execution.
2017-06-04 00:39:36 INFO  TestUtil:26 - Suite : RegressionTests is available for execution.
2017-06-04 00:39:36 INFO  TestUtil:50 - Checking if Test Case : RegressionSearchTest is available for execution.
2017-06-04 00:39:36 INFO  TestUtil:54 - Test Case : RegressionSearchTest is available for execution.
2017-06-04 00:39:36 INFO  AutomationDataProvider:25 - Providing data for: RegressionSearchTest
2017-06-04 00:39:36 INFO  RegressionSearchTest:71 -  Executing : RegressionSearchTest
2017-06-04 00:39:36 INFO  RegressionSearchTest:72 - Chrome -- http://google.com -- hello world
2017-06-04 00:39:36 INFO  BrowserFactory:32 - Initializing the WebDriver
2017-06-04 00:39:36 INFO  AutomationDriverLoader:27 - Loading chrome driver...
2017-06-04 00:39:36 INFO  AutomationDriverLoader:28 - OS | Mac OS X
2017-06-04 00:39:44 INFO  ErrorHandler:26 - *************getVerificationFailures******************
2017-06-04 00:39:44 INFO  RegressionSearchTest:71 -  Executing : RegressionSearchTest
2017-06-04 00:39:44 INFO  RegressionSearchTest:72 - Chrome -- http://google.com -- hello world
2017-06-04 00:39:44 INFO  BrowserFactory:32 - Initializing the WebDriver
2017-06-04 00:39:44 INFO  AutomationDriverLoader:27 - Loading chrome driver...
2017-06-04 00:39:44 INFO  AutomationDriverLoader:28 - OS | Mac OS X
2017-06-04 00:39:51 INFO  ErrorHandler:19 - *************addVerificationFailure******************
2017-06-04 00:39:51 INFO  ErrorHandler:26 - *************getVerificationFailures******************
2017-06-04 00:39:51 INFO  ErrorHandler:26 - *************getVerificationFailures******************
2017-06-04 00:39:51 ERROR TestListenerAdapter:30 - Test Failed, Setting Test Result to FAILED
2017-06-04 00:39:51 INFO  AbstractReportAdapter:19 - *****Abstract Report******
2017-06-04 00:39:51 INFO  AbstractReportAdapter:28 - Passed tests for suite ' Smoke Suite 1.0' is:2
2017-06-04 00:39:51 INFO  AbstractReportAdapter:30 - Failed tests for suite ' Smoke Suite 1.0' is:2
2017-06-04 00:39:51 INFO  AbstractReportAdapter:32 - Skipped tests for suite ' Smoke Suite 1.0' is:0
2017-06-04 00:39:51 INFO  AbstractReportAdapter:34 - *****End of Report******
2017-06-04 00:39:51 INFO  AbstractReportAdapter:28 - Passed tests for suite ' Regression 1.0' is:1
2017-06-04 00:39:51 INFO  AbstractReportAdapter:30 - Failed tests for suite ' Regression 1.0' is:1
2017-06-04 00:39:51 INFO  AbstractReportAdapter:32 - Skipped tests for suite ' Regression 1.0' is:0
2017-06-04 00:39:51 INFO  AbstractReportAdapter:34 - *****End of Report******
