<?xml version="1.0" encoding="UTF-8"?>
<!-- Generated by org.testng.reporters.JUnitXMLReporter -->
<testsuite hostname="Shekhars-MacBook-Pro.local" ignored="0" name="Google Search Test2" tests="2" failures="1" timestamp="04 Jun 2017 04:39:51 GMT" time="15.451" errors="0">
  <testcase name="googleSearchRegressionTest" time="8.058" classname="com.happiestmind.automation.suite.regression.RegressionSearchTest"/>
  <testcase name="googleSearchRegressionTest" time="7.158" classname="com.happiestmind.automation.suite.regression.RegressionSearchTest">
    <failure type="java.lang.AssertionError" message="expected [not Google] but found [Google]">
      <![CDATA[java.lang.AssertionError: expected [not Google] but found [Google]
	at com.happiestmind.automation.util.MiscUtils.assertion(MiscUtils.java:244)
	at com.happiestmind.automation.suite.regression.RegressionSearchTest.googleSearchRegressionTest(RegressionSearchTest.java:89)
... Removed 31 stack frames]]>
    </failure>
  </testcase> <!-- googleSearchRegressionTest -->
</testsuite> <!-- Google Search Test2 -->
