<!DOCTYPE html PUBLIC "-//W3C//DTD XHTML 1.1//EN" "http://www.w3.org/TR/xhtml11/DTD/xhtml11.dtd">
<html xmlns="http://www.w3.org/1999/xhtml"><head><title>TestNG Report</title><style type="text/css">table {margin-bottom:10px;border-collapse:collapse;empty-cells:show}th,td {border:1px solid #009;padding:.25em .5em}th {vertical-align:bottom}td {vertical-align:top}table a {font-weight:bold}.stripe td {background-color: #E6EBF9}.num {text-align:right}.passedodd td {background-color: #3F3}.passedeven td {background-color: #0A0}.skippedodd td {background-color: #DDD}.skippedeven td {background-color: #CCC}.failedodd td,.attn {background-color: #F33}.failedeven td,.stripe .attn {background-color: #D00}.stacktrace {white-space:pre;font-family:monospace}.totop {font-size:85%;text-align:center;border-bottom:2px solid #000}</style></head><body><table><tr><th>Test</th><th># Passed</th><th># Skipped</th><th># Failed</th><th>Time (ms)</th><th>Included Groups</th><th>Excluded Groups</th></tr><tr><th colspan="7"> Smoke Suite 1.0</th></tr><tr><td><a href="#t0">Google Search Test1</a></td><td class="num">1</td><td class="num">0</td><td class="num attn">1</td><td class="num">11,088</td><td></td><td></td></tr><tr><th colspan="7">Parent Test Suite</th></tr><tr><th colspan="7"> Regression 1.0</th></tr><tr class="stripe"><td><a href="#t1">Google Search Test2</a></td><td class="num">1</td><td class="num">0</td><td class="num attn">1</td><td class="num">10,279</td><td></td><td></td></tr><tr><th>Total</th><th class="num">2</th><th class="num">0</th><th class="num attn">2</th><th class="num">21,367</th><th colspan="2"></th></tr></table><table id='summary'><thead><tr><th>Class</th><th>Method</th><th>Start</th><th>Time (ms)</th></tr></thead><tbody><tr><th colspan="4"> Smoke Suite 1.0</th></tr></tbody><tbody id="t0"><tr><th colspan="4">Google Search Test1 &#8212; failed</th></tr><tr class="failedeven"><td rowspan="1">com.happiestmind.automation.suite.smoke.GoogleSearchTest</td><td><a href="#m0">googleSearchTest</a></td><td rowspan="1">1495951582119</td><td rowspan="1">4627</td></tr><tr><th colspan="4">Google Search Test1 &#8212; passed</th></tr><tr class="passedeven"><td rowspan="1">com.happiestmind.automation.suite.smoke.GoogleSearchTest</td><td><a href="#m1">googleSearchTest</a></td><td rowspan="1">1495951575891</td><td rowspan="1">4861</td></tr></tbody><tbody><tr><th colspan="4">Parent Test Suite</th></tr></tbody><tbody><tr><th colspan="4"> Regression 1.0</th></tr></tbody><tbody id="t1"><tr><th colspan="4">Google Search Test2 &#8212; failed</th></tr><tr class="failedeven"><td rowspan="1">com.happiestmind.automation.suite.regression.RegressionSearchTest</td><td><a href="#m2">googleSearchRegressionTest</a></td><td rowspan="1">1495951592308</td><td rowspan="1">4894</td></tr><tr><th colspan="4">Google Search Test2 &#8212; passed</th></tr><tr class="passedeven"><td rowspan="1">com.happiestmind.automation.suite.regression.RegressionSearchTest</td><td><a href="#m3">googleSearchRegressionTest</a></td><td rowspan="1">1495951587023</td><td rowspan="1">5255</td></tr></tbody></table><h2>Google Search Test1</h2><h3 id="m0">com.happiestmind.automation.suite.smoke.GoogleSearchTest#googleSearchTest</h3><table class="result"><tr class="param"><th>Parameter #1</th><th>Parameter #2</th><th>Parameter #3</th><th>Parameter #4</th></tr><tr class="param stripe"><td>Chrome</td><td>http://google.com</td><td>hello world</td><td>not Google</td></tr><tr><th colspan="4">Exception</th></tr><tr><td colspan="4"><div class="stacktrace">java.lang.AssertionError: expected [not Google] but found [Google]
	at com.happiestmind.automation.util.MiscUtils.assertion(MiscUtils.java:244)
	at com.happiestmind.automation.suite.smoke.GoogleSearchTest.googleSearchTest(GoogleSearchTest.java:89)
... Removed 31 stack frames</div></td></tr></table><p class="totop"><a href="#summary">back to summary</a></p><h3 id="m1">com.happiestmind.automation.suite.smoke.GoogleSearchTest#googleSearchTest</h3><table class="result"><tr class="param"><th>Parameter #1</th><th>Parameter #2</th><th>Parameter #3</th><th>Parameter #4</th></tr><tr class="param stripe"><td>Chrome</td><td>http://google.com</td><td>hello world</td><td>Google</td></tr></table><p class="totop"><a href="#summary">back to summary</a></p><h2>Google Search Test2</h2><h3 id="m2">com.happiestmind.automation.suite.regression.RegressionSearchTest#googleSearchRegressionTest</h3><table class="result"><tr class="param"><th>Parameter #1</th><th>Parameter #2</th><th>Parameter #3</th><th>Parameter #4</th></tr><tr class="param stripe"><td>Chrome</td><td>http://google.com</td><td>hello world</td><td>not Google</td></tr><tr><th colspan="4">Exception</th></tr><tr><td colspan="4"><div class="stacktrace">java.lang.AssertionError: expected [not Google] but found [Google]
	at com.happiestmind.automation.util.MiscUtils.assertion(MiscUtils.java:244)
	at com.happiestmind.automation.suite.regression.RegressionSearchTest.googleSearchRegressionTest(RegressionSearchTest.java:89)
... Removed 31 stack frames</div></td></tr></table><p class="totop"><a href="#summary">back to summary</a></p><h3 id="m3">com.happiestmind.automation.suite.regression.RegressionSearchTest#googleSearchRegressionTest</h3><table class="result"><tr class="param"><th>Parameter #1</th><th>Parameter #2</th><th>Parameter #3</th><th>Parameter #4</th></tr><tr class="param stripe"><td>Chrome</td><td>http://google.com</td><td>hello world</td><td>Google</td></tr></table><p class="totop"><a href="#summary">back to summary</a></p></body></html>