<?xml version="1.0" encoding="UTF-8"?>
<testng-results skipped="0" failed="1" ignored="0" total="2" passed="1">
  <reporter-output>
  </reporter-output>
  <suite name=" Smoke Suite 1.0" duration-ms="15482" started-at="2017-05-07T01:21:36Z" finished-at="2017-05-07T01:21:51Z">
    <groups>
    </groups>
    <test name="Google Search Test1" duration-ms="15482" started-at="2017-05-07T01:21:36Z" finished-at="2017-05-07T01:21:51Z">
      <class name="com.happiestmind.automation.suite.smoke.GoogleSearchTest">
        <test-method status="PASS" signature="checkSuiteSkip()[pri:0, instance:com.happiestmind.automation.suite.smoke.GoogleSearchTest@7fac631b]" name="checkSuiteSkip" is-config="true" duration-ms="468" started-at="2017-05-06T21:21:35Z" finished-at="2017-05-06T21:21:36Z">
          <reporter-output>
          </reporter-output>
        </test-method> <!-- checkSuiteSkip -->
        <test-method status="PASS" signature="checkTestSkip()[pri:0, instance:com.happiestmind.automation.suite.smoke.GoogleSearchTest@7fac631b]" name="checkTestSkip" is-config="true" duration-ms="2" started-at="2017-05-06T21:21:36Z" finished-at="2017-05-06T21:21:36Z">
          <reporter-output>
          </reporter-output>
        </test-method> <!-- checkTestSkip -->
        <test-method status="PASS" signature="testcaseA1(java.lang.String, java.lang.String, java.lang.String, java.lang.String)[pri:0, instance:com.happiestmind.automation.suite.smoke.GoogleSearchTest@7fac631b]" name="testcaseA1" duration-ms="7256" started-at="2017-05-06T21:21:36Z" data-provider="getTestData" finished-at="2017-05-06T21:21:43Z">
          <params>
            <param index="0">
              <value>
                <![CDATA[Chrome]]>
              </value>
            </param>
            <param index="1">
              <value>
                <![CDATA[http://google.com]]>
              </value>
            </param>
            <param index="2">
              <value>
                <![CDATA[hello world]]>
              </value>
            </param>
            <param index="3">
              <value>
                <![CDATA[Google]]>
              </value>
            </param>
          </params>
          <reporter-output>
          </reporter-output>
        </test-method> <!-- testcaseA1 -->
        <test-method status="PASS" signature="reportDataSetResult()[pri:0, instance:com.happiestmind.automation.suite.smoke.GoogleSearchTest@7fac631b]" name="reportDataSetResult" is-config="true" duration-ms="1277" started-at="2017-05-06T21:21:43Z" finished-at="2017-05-06T21:21:44Z">
          <reporter-output>
          </reporter-output>
        </test-method> <!-- reportDataSetResult -->
        <test-method status="FAIL" signature="testcaseA1(java.lang.String, java.lang.String, java.lang.String, java.lang.String)[pri:0, instance:com.happiestmind.automation.suite.smoke.GoogleSearchTest@7fac631b]" name="testcaseA1" duration-ms="6860" started-at="2017-05-06T21:21:44Z" data-provider="getTestData" finished-at="2017-05-06T21:21:51Z">
          <params>
            <param index="0">
              <value>
                <![CDATA[Chrome]]>
              </value>
            </param>
            <param index="1">
              <value>
                <![CDATA[http://google.com]]>
              </value>
            </param>
            <param index="2">
              <value>
                <![CDATA[hello world]]>
              </value>
            </param>
            <param index="3">
              <value>
                <![CDATA[not Google]]>
              </value>
            </param>
          </params>
          <exception class="java.lang.AssertionError">
            <message>
              <![CDATA[expected [Google] but found [not Google]]]>
            </message>
            <full-stacktrace>
              <![CDATA[java.lang.AssertionError: expected [Google] but found [not Google]
	at org.testng.Assert.fail(Assert.java:93)
	at org.testng.Assert.failNotEquals(Assert.java:512)
	at org.testng.Assert.assertEqualsImpl(Assert.java:134)
	at org.testng.Assert.assertEquals(Assert.java:115)
	at org.testng.Assert.assertEquals(Assert.java:189)
	at org.testng.Assert.assertEquals(Assert.java:199)
	at com.happiestmind.automation.suite.smoke.GoogleSearchTest.testcaseA1(GoogleSearchTest.java:73)
	at sun.reflect.NativeMethodAccessorImpl.invoke0(Native Method)
	at sun.reflect.NativeMethodAccessorImpl.invoke(NativeMethodAccessorImpl.java:62)
	at sun.reflect.DelegatingMethodAccessorImpl.invoke(DelegatingMethodAccessorImpl.java:43)
	at java.lang.reflect.Method.invoke(Method.java:497)
	at org.testng.internal.MethodInvocationHelper.invokeMethod(MethodInvocationHelper.java:108)
	at org.testng.internal.Invoker.invokeMethod(Invoker.java:661)
	at org.testng.internal.Invoker.invokeTestMethod(Invoker.java:869)
	at org.testng.internal.Invoker.invokeTestMethods(Invoker.java:1193)
	at org.testng.internal.TestMethodWorker.invokeTestMethods(TestMethodWorker.java:126)
	at org.testng.internal.TestMethodWorker.run(TestMethodWorker.java:109)
	at org.testng.TestRunner.privateRun(TestRunner.java:744)
	at org.testng.TestRunner.run(TestRunner.java:602)
	at org.testng.SuiteRunner.runTest(SuiteRunner.java:380)
	at org.testng.SuiteRunner.runSequentially(SuiteRunner.java:375)
	at org.testng.SuiteRunner.privateRun(SuiteRunner.java:340)
	at org.testng.SuiteRunner.run(SuiteRunner.java:289)
	at org.testng.SuiteRunnerWorker.runSuite(SuiteRunnerWorker.java:52)
	at org.testng.SuiteRunnerWorker.run(SuiteRunnerWorker.java:86)
	at org.testng.TestNG.runSuitesSequentially(TestNG.java:1301)
	at org.testng.TestNG.runSuitesSequentially(TestNG.java:1297)
	at org.testng.TestNG.runSuitesLocally(TestNG.java:1226)
	at org.testng.TestNG.runSuites(TestNG.java:1144)
	at org.testng.TestNG.run(TestNG.java:1115)
	at org.testng.remote.AbstractRemoteTestNG.run(AbstractRemoteTestNG.java:132)
	at org.testng.remote.RemoteTestNG.initAndRun(RemoteTestNG.java:230)
	at org.testng.remote.RemoteTestNG.main(RemoteTestNG.java:76)
]]>
            </full-stacktrace>
          </exception> <!-- java.lang.AssertionError -->
          <reporter-output>
          </reporter-output>
        </test-method> <!-- testcaseA1 -->
        <test-method status="PASS" signature="reportDataSetResult()[pri:0, instance:com.happiestmind.automation.suite.smoke.GoogleSearchTest@7fac631b]" name="reportDataSetResult" is-config="true" duration-ms="35" started-at="2017-05-06T21:21:51Z" finished-at="2017-05-06T21:21:51Z">
          <reporter-output>
          </reporter-output>
        </test-method> <!-- reportDataSetResult -->
        <test-method status="PASS" signature="reportTestResult()[pri:0, instance:com.happiestmind.automation.suite.smoke.GoogleSearchTest@7fac631b]" name="reportTestResult" is-config="true" duration-ms="33" started-at="2017-05-06T21:21:51Z" finished-at="2017-05-06T21:21:51Z">
          <reporter-output>
          </reporter-output>
        </test-method> <!-- reportTestResult -->
      </class> <!-- com.happiestmind.automation.suite.smoke.GoogleSearchTest -->
    </test> <!-- Google Search Test1 -->
  </suite> <!--  Smoke Suite 1.0 -->
  <suite name="Parent Test Suite" duration-ms="0" started-at="2017-05-07T01:21:51Z" finished-at="2017-05-07T01:21:51Z">
    <groups>
    </groups>
  </suite> <!-- Parent Test Suite -->
</testng-results>
